D:\FACULTY\WORKSPACE\DATA_STRUC PROJECT\DATA_STRUC PROJECT\DEBUG\SOURCE.OBJ
D:\FACULTY\WORKSPACE\DATA_STRUC PROJECT\DATA_STRUC PROJECT\DEBUG\VC110.PDB
D:\FACULTY\WORKSPACE\DATA_STRUC PROJECT\DATA_STRUC PROJECT\DEBUG\SOURCE1.OBJ
D:\FACULTY\WORKSPACE\DATA_STRUC PROJECT\DEBUG\DATA_STRUC PROJECT.ILK
D:\FACULTY\WORKSPACE\DATA_STRUC PROJECT\DEBUG\DATA_STRUC PROJECT.EXE
D:\FACULTY\WORKSPACE\DATA_STRUC PROJECT\DEBUG\DATA_STRUC PROJECT.PDB
D:\Faculty\WorkSpace\Data_Struc Project\Data_Struc Project\Debug\Source.obj
D:\Faculty\WorkSpace\Data_Struc Project\Data_Struc Project\Debug\Source1.obj
D:\Faculty\WorkSpace\Data_Struc Project\Data_Struc Project\Debug\cl.command.1.tlog
D:\Faculty\WorkSpace\Data_Struc Project\Data_Struc Project\Debug\CL.read.1.tlog
D:\Faculty\WorkSpace\Data_Struc Project\Data_Struc Project\Debug\CL.write.1.tlog
D:\Faculty\WorkSpace\Data_Struc Project\Data_Struc Project\Debug\link-cvtres.read.1.tlog
D:\Faculty\WorkSpace\Data_Struc Project\Data_Struc Project\Debug\link-cvtres.write.1.tlog
D:\Faculty\WorkSpace\Data_Struc Project\Data_Struc Project\Debug\link-rc.read.1.tlog
D:\Faculty\WorkSpace\Data_Struc Project\Data_Struc Project\Debug\link-rc.write.1.tlog
D:\Faculty\WorkSpace\Data_Struc Project\Data_Struc Project\Debug\link.10424-cvtres.read.1.tlog
D:\Faculty\WorkSpace\Data_Struc Project\Data_Struc Project\Debug\link.10424-cvtres.write.1.tlog
D:\Faculty\WorkSpace\Data_Struc Project\Data_Struc Project\Debug\link.10424-rc.read.1.tlog
D:\Faculty\WorkSpace\Data_Struc Project\Data_Struc Project\Debug\link.10424-rc.write.1.tlog
D:\Faculty\WorkSpace\Data_Struc Project\Data_Struc Project\Debug\link.10424.read.1.tlog
D:\Faculty\WorkSpace\Data_Struc Project\Data_Struc Project\Debug\link.10424.write.1.tlog
D:\Faculty\WorkSpace\Data_Struc Project\Data_Struc Project\Debug\link.11468-cvtres.read.1.tlog
D:\Faculty\WorkSpace\Data_Struc Project\Data_Struc Project\Debug\link.11468-cvtres.write.1.tlog
D:\Faculty\WorkSpace\Data_Struc Project\Data_Struc Project\Debug\link.11468-rc.read.1.tlog
D:\Faculty\WorkSpace\Data_Struc Project\Data_Struc Project\Debug\link.11468-rc.write.1.tlog
D:\Faculty\WorkSpace\Data_Struc Project\Data_Struc Project\Debug\link.11468.read.1.tlog
D:\Faculty\WorkSpace\Data_Struc Project\Data_Struc Project\Debug\link.11468.write.1.tlog
D:\Faculty\WorkSpace\Data_Struc Project\Data_Struc Project\Debug\link.11788-cvtres.read.1.tlog
D:\Faculty\WorkSpace\Data_Struc Project\Data_Struc Project\Debug\link.11788-cvtres.write.1.tlog
D:\Faculty\WorkSpace\Data_Struc Project\Data_Struc Project\Debug\link.11788-rc.read.1.tlog
D:\Faculty\WorkSpace\Data_Struc Project\Data_Struc Project\Debug\link.11788-rc.write.1.tlog
D:\Faculty\WorkSpace\Data_Struc Project\Data_Struc Project\Debug\link.11788.read.1.tlog
D:\Faculty\WorkSpace\Data_Struc Project\Data_Struc Project\Debug\link.11788.write.1.tlog
D:\Faculty\WorkSpace\Data_Struc Project\Data_Struc Project\Debug\link.1612-cvtres.read.1.tlog
D:\Faculty\WorkSpace\Data_Struc Project\Data_Struc Project\Debug\link.1612-cvtres.write.1.tlog
D:\Faculty\WorkSpace\Data_Struc Project\Data_Struc Project\Debug\link.1612-rc.read.1.tlog
D:\Faculty\WorkSpace\Data_Struc Project\Data_Struc Project\Debug\link.1612-rc.write.1.tlog
D:\Faculty\WorkSpace\Data_Struc Project\Data_Struc Project\Debug\link.1612.read.1.tlog
D:\Faculty\WorkSpace\Data_Struc Project\Data_Struc Project\Debug\link.1612.write.1.tlog
D:\Faculty\WorkSpace\Data_Struc Project\Data_Struc Project\Debug\link.1948-cvtres.read.1.tlog
D:\Faculty\WorkSpace\Data_Struc Project\Data_Struc Project\Debug\link.1948-cvtres.write.1.tlog
D:\Faculty\WorkSpace\Data_Struc Project\Data_Struc Project\Debug\link.1948-rc.read.1.tlog
D:\Faculty\WorkSpace\Data_Struc Project\Data_Struc Project\Debug\link.1948-rc.write.1.tlog
D:\Faculty\WorkSpace\Data_Struc Project\Data_Struc Project\Debug\link.1948.read.1.tlog
D:\Faculty\WorkSpace\Data_Struc Project\Data_Struc Project\Debug\link.1948.write.1.tlog
D:\Faculty\WorkSpace\Data_Struc Project\Data_Struc Project\Debug\link.2024-cvtres.read.1.tlog
D:\Faculty\WorkSpace\Data_Struc Project\Data_Struc Project\Debug\link.2024-cvtres.write.1.tlog
D:\Faculty\WorkSpace\Data_Struc Project\Data_Struc Project\Debug\link.2024-rc.read.1.tlog
D:\Faculty\WorkSpace\Data_Struc Project\Data_Struc Project\Debug\link.2024-rc.write.1.tlog
D:\Faculty\WorkSpace\Data_Struc Project\Data_Struc Project\Debug\link.2024.read.1.tlog
D:\Faculty\WorkSpace\Data_Struc Project\Data_Struc Project\Debug\link.2024.write.1.tlog
D:\Faculty\WorkSpace\Data_Struc Project\Data_Struc Project\Debug\link.2672-cvtres.read.1.tlog
D:\Faculty\WorkSpace\Data_Struc Project\Data_Struc Project\Debug\link.2672-cvtres.write.1.tlog
D:\Faculty\WorkSpace\Data_Struc Project\Data_Struc Project\Debug\link.2672-rc.read.1.tlog
D:\Faculty\WorkSpace\Data_Struc Project\Data_Struc Project\Debug\link.2672-rc.write.1.tlog
D:\Faculty\WorkSpace\Data_Struc Project\Data_Struc Project\Debug\link.2672.read.1.tlog
D:\Faculty\WorkSpace\Data_Struc Project\Data_Struc Project\Debug\link.2672.write.1.tlog
D:\Faculty\WorkSpace\Data_Struc Project\Data_Struc Project\Debug\link.3104-cvtres.read.1.tlog
D:\Faculty\WorkSpace\Data_Struc Project\Data_Struc Project\Debug\link.3104-cvtres.write.1.tlog
D:\Faculty\WorkSpace\Data_Struc Project\Data_Struc Project\Debug\link.3104-rc.read.1.tlog
D:\Faculty\WorkSpace\Data_Struc Project\Data_Struc Project\Debug\link.3104-rc.write.1.tlog
D:\Faculty\WorkSpace\Data_Struc Project\Data_Struc Project\Debug\link.3104.read.1.tlog
D:\Faculty\WorkSpace\Data_Struc Project\Data_Struc Project\Debug\link.3104.write.1.tlog
D:\Faculty\WorkSpace\Data_Struc Project\Data_Struc Project\Debug\link.32-cvtres.read.1.tlog
D:\Faculty\WorkSpace\Data_Struc Project\Data_Struc Project\Debug\link.32-cvtres.write.1.tlog
D:\Faculty\WorkSpace\Data_Struc Project\Data_Struc Project\Debug\link.32-rc.read.1.tlog
D:\Faculty\WorkSpace\Data_Struc Project\Data_Struc Project\Debug\link.32-rc.write.1.tlog
D:\Faculty\WorkSpace\Data_Struc Project\Data_Struc Project\Debug\link.32.read.1.tlog
D:\Faculty\WorkSpace\Data_Struc Project\Data_Struc Project\Debug\link.32.write.1.tlog
D:\Faculty\WorkSpace\Data_Struc Project\Data_Struc Project\Debug\link.616-cvtres.read.1.tlog
D:\Faculty\WorkSpace\Data_Struc Project\Data_Struc Project\Debug\link.616-cvtres.write.1.tlog
D:\Faculty\WorkSpace\Data_Struc Project\Data_Struc Project\Debug\link.616-rc.read.1.tlog
D:\Faculty\WorkSpace\Data_Struc Project\Data_Struc Project\Debug\link.616-rc.write.1.tlog
D:\Faculty\WorkSpace\Data_Struc Project\Data_Struc Project\Debug\link.616.read.1.tlog
D:\Faculty\WorkSpace\Data_Struc Project\Data_Struc Project\Debug\link.616.write.1.tlog
D:\Faculty\WorkSpace\Data_Struc Project\Data_Struc Project\Debug\link.6316-cvtres.read.1.tlog
D:\Faculty\WorkSpace\Data_Struc Project\Data_Struc Project\Debug\link.6316-cvtres.write.1.tlog
D:\Faculty\WorkSpace\Data_Struc Project\Data_Struc Project\Debug\link.6316-rc.read.1.tlog
D:\Faculty\WorkSpace\Data_Struc Project\Data_Struc Project\Debug\link.6316-rc.write.1.tlog
D:\Faculty\WorkSpace\Data_Struc Project\Data_Struc Project\Debug\link.6316.read.1.tlog
D:\Faculty\WorkSpace\Data_Struc Project\Data_Struc Project\Debug\link.6316.write.1.tlog
D:\Faculty\WorkSpace\Data_Struc Project\Data_Struc Project\Debug\link.7308-cvtres.read.1.tlog
D:\Faculty\WorkSpace\Data_Struc Project\Data_Struc Project\Debug\link.7308-cvtres.write.1.tlog
D:\Faculty\WorkSpace\Data_Struc Project\Data_Struc Project\Debug\link.7308-rc.read.1.tlog
D:\Faculty\WorkSpace\Data_Struc Project\Data_Struc Project\Debug\link.7308-rc.write.1.tlog
D:\Faculty\WorkSpace\Data_Struc Project\Data_Struc Project\Debug\link.7308.read.1.tlog
D:\Faculty\WorkSpace\Data_Struc Project\Data_Struc Project\Debug\link.7308.write.1.tlog
D:\Faculty\WorkSpace\Data_Struc Project\Data_Struc Project\Debug\link.8596-cvtres.read.1.tlog
D:\Faculty\WorkSpace\Data_Struc Project\Data_Struc Project\Debug\link.8596-cvtres.write.1.tlog
D:\Faculty\WorkSpace\Data_Struc Project\Data_Struc Project\Debug\link.8596-rc.read.1.tlog
D:\Faculty\WorkSpace\Data_Struc Project\Data_Struc Project\Debug\link.8596-rc.write.1.tlog
D:\Faculty\WorkSpace\Data_Struc Project\Data_Struc Project\Debug\link.8596.read.1.tlog
D:\Faculty\WorkSpace\Data_Struc Project\Data_Struc Project\Debug\link.8596.write.1.tlog
D:\Faculty\WorkSpace\Data_Struc Project\Data_Struc Project\Debug\link.9776-cvtres.read.1.tlog
D:\Faculty\WorkSpace\Data_Struc Project\Data_Struc Project\Debug\link.9776-cvtres.write.1.tlog
D:\Faculty\WorkSpace\Data_Struc Project\Data_Struc Project\Debug\link.9776-rc.read.1.tlog
D:\Faculty\WorkSpace\Data_Struc Project\Data_Struc Project\Debug\link.9776-rc.write.1.tlog
D:\Faculty\WorkSpace\Data_Struc Project\Data_Struc Project\Debug\link.9776.read.1.tlog
D:\Faculty\WorkSpace\Data_Struc Project\Data_Struc Project\Debug\link.9776.write.1.tlog
D:\Faculty\WorkSpace\Data_Struc Project\Data_Struc Project\Debug\link.command.1.tlog
D:\Faculty\WorkSpace\Data_Struc Project\Data_Struc Project\Debug\link.read.1.tlog
D:\Faculty\WorkSpace\Data_Struc Project\Data_Struc Project\Debug\link.write.1.tlog
D:\Faculty\WorkSpace\Data_Struc Project\Data_Struc Project\Debug\vc110.idb
D:\Faculty\WorkSpace\Data_Struc Project\Data_Struc Project\Debug\vc110.pdb
D:\Faculty\WorkSpace\Data_Struc Project\Debug\Data_Struc Project.pdb
D:\Faculty\WorkSpace\Data_Struc Project\Debug\Data_Struc Project.exe
D:\Faculty\WorkSpace\Data_Struc Project\Debug\Data_Struc Project.ilk
